[debug] [2018-09-09T07:52:14.227Z] ----------------------------------------------------------------------
[debug] [2018-09-09T07:52:14.229Z] Command:       C:\Program Files\nodejs\node.exe C:\Users\avila\AppData\Roaming\npm\node_modules\firebase-tools\bin\firebase serve --only functions
[debug] [2018-09-09T07:52:14.229Z] CLI Version:   4.2.1
[debug] [2018-09-09T07:52:14.229Z] Platform:      win32
[debug] [2018-09-09T07:52:14.229Z] Node Version:  v8.11.3
[debug] [2018-09-09T07:52:14.230Z] Time:          Sun Sep 09 2018 00:52:14 GMT-0700 (Pacific Daylight Time)
[debug] [2018-09-09T07:52:14.230Z] ----------------------------------------------------------------------
[debug] 
[debug] [2018-09-09T07:52:14.242Z] > command requires scopes: ["email","openid","https://www.googleapis.com/auth/cloudplatformprojects.readonly","https://www.googleapis.com/auth/firebase","https://www.googleapis.com/auth/cloud-platform"]
[debug] [2018-09-09T07:52:14.242Z] > authorizing via signed-in user
[debug] [2018-09-09T07:52:14.244Z] >>> HTTP REQUEST GET https://admin.firebase.com/v1/projects/wide-app  
 
[debug] [2018-09-09T07:52:14.786Z] <<< HTTP RESPONSE 200
[debug] [2018-09-09T07:52:14.788Z] >>> HTTP REQUEST GET https://cloudresourcemanager.googleapis.com/v1/projects/wide-app  
 
[debug] [2018-09-09T07:52:15.186Z] <<< HTTP RESPONSE 200
[info] 
[info] === Serving from 'C:\Users\avila\Documents\Firebase Functions\wideFunctions'...
[info] 
[info] i  functions: Preparing to emulate functions.
[debug] [2018-09-09T07:52:15.923Z] Fetching environment
[debug] [2018-09-09T07:52:15.926Z] >>> HTTP REQUEST GET https://mobilesdk-pa.googleapis.com/v1/projects/1037117039704:getServerAppConfig  
 
[debug] [2018-09-09T07:52:16.138Z] <<< HTTP RESPONSE 200
[debug] [2018-09-09T07:52:16.138Z] Starting @google-cloud/functions-emulator
[debug] [2018-09-09T07:52:18.172Z] Parsing function triggers
[info] +  functions: app: http://localhost:5000/wide-app/us-central1/app
